janv. 05, 2021 1:54:46 PM fr.eni.projetEni.test.UtilisateurBllTest setUp
INFOS: setUp
janv. 05, 2021 1:54:46 PM fr.eni.projetEni.test.UtilisateurBllTest setUp
INFOS: setUp
janv. 05, 2021 1:54:46 PM fr.eni.projetEni.test.UtilisateurBllTest setUp
INFOS: setUp
janv. 05, 2021 1:54:46 PM fr.eni.projetEni.test.UtilisateurBllTest setUp
INFOS: setUp
janv. 05, 2021 1:54:46 PM fr.eni.projetEni.test.UtilisateurBllTest setUp
INFOS: setUp
janv. 05, 2021 1:55:43 PM fr.eni.projetEni.test.UtilisateurBllTest setUp
INFOS: setUp
janv. 05, 2021 1:55:43 PM fr.eni.projetEni.test.UtilisateurBllTest setUp
INFOS: setUp
janv. 05, 2021 1:55:43 PM fr.eni.projetEni.test.UtilisateurBllTest setUp
INFOS: setUp
janv. 05, 2021 1:55:43 PM fr.eni.projetEni.test.UtilisateurBllTest setUp
INFOS: setUp
janv. 05, 2021 1:55:43 PM fr.eni.projetEni.test.UtilisateurBllTest setUp
INFOS: setUp
janv. 05, 2021 2:03:51 PM fr.eni.projetEni.test.UtilisateurBllTest setUp
INFOS: setUp
janv. 05, 2021 2:03:51 PM fr.eni.projetEni.test.UtilisateurBllTest setUp
INFOS: setUp
janv. 05, 2021 2:03:51 PM fr.eni.projetEni.test.UtilisateurBllTest setUp
INFOS: setUp
janv. 05, 2021 2:03:51 PM fr.eni.projetEni.test.UtilisateurBllTest setUp
INFOS: setUp
janv. 05, 2021 2:03:51 PM fr.eni.projetEni.test.UtilisateurBllTest setUp
INFOS: setUp
janv. 05, 2021 2:51:49 PM fr.eni.projetEni.test.UtilisateurBllTest setUp
INFOS: setUp
janv. 05, 2021 2:51:49 PM fr.eni.projetEni.test.UtilisateurBllTest setUp
INFOS: setUp
janv. 05, 2021 2:51:49 PM fr.eni.projetEni.test.UtilisateurBllTest setUp
INFOS: setUp
janv. 05, 2021 2:51:49 PM fr.eni.projetEni.test.UtilisateurBllTest setUp
INFOS: setUp
janv. 05, 2021 2:51:49 PM fr.eni.projetEni.test.UtilisateurBllTest setUp
INFOS: setUp
janv. 05, 2021 3:05:34 PM fr.eni.projetEni.test.UtilisateurBllTest setUp
INFOS: setUp
janv. 05, 2021 3:05:34 PM fr.eni.projetEni.test.UtilisateurBllTest setUp
INFOS: setUp
janv. 05, 2021 3:05:34 PM fr.eni.projetEni.test.UtilisateurBllTest setUp
INFOS: setUp
janv. 05, 2021 3:05:34 PM fr.eni.projetEni.test.UtilisateurBllTest setUp
INFOS: setUp
janv. 05, 2021 3:05:34 PM fr.eni.projetEni.test.UtilisateurBllTest setUp
INFOS: setUp
janv. 05, 2021 3:27:40 PM fr.eni.projetEni.test.UtilisateurBllTest setUp
INFOS: setUp
janv. 05, 2021 3:27:40 PM fr.eni.projetEni.test.UtilisateurBllTest setUp
INFOS: setUp
janv. 05, 2021 3:27:40 PM fr.eni.projetEni.test.UtilisateurBllTest setUp
INFOS: setUp
janv. 05, 2021 3:27:40 PM fr.eni.projetEni.test.UtilisateurBllTest setUp
INFOS: setUp
janv. 05, 2021 3:27:40 PM fr.eni.projetEni.test.UtilisateurBllTest setUp
INFOS: setUp
janv. 05, 2021 3:55:31 PM fr.eni.projetEni.test.UtilisateurBllTest setUp
INFOS: setUp
janv. 05, 2021 3:55:31 PM fr.eni.projetEni.test.UtilisateurBllTest setUp
INFOS: setUp
janv. 05, 2021 3:55:31 PM fr.eni.projetEni.test.UtilisateurBllTest setUp
INFOS: setUp
janv. 05, 2021 3:55:31 PM fr.eni.projetEni.test.UtilisateurBllTest setUp
INFOS: setUp
janv. 05, 2021 3:55:31 PM fr.eni.projetEni.test.UtilisateurBllTest setUp
INFOS: setUp
janv. 05, 2021 4:33:57 PM fr.eni.projetEni.test.UtilisateurBllTest setUp
INFOS: setUp
janv. 05, 2021 4:33:57 PM fr.eni.projetEni.test.UtilisateurBllTest setUp
INFOS: setUp
janv. 05, 2021 4:33:57 PM fr.eni.projetEni.test.UtilisateurBllTest setUp
INFOS: setUp
janv. 05, 2021 4:33:57 PM fr.eni.projetEni.test.UtilisateurBllTest setUp
INFOS: setUp
janv. 05, 2021 4:33:57 PM fr.eni.projetEni.test.UtilisateurBllTest setUp
INFOS: setUp
janv. 05, 2021 4:42:06 PM fr.eni.projetEni.test.UtilisateurBllTest setUp
INFOS: setUp
janv. 05, 2021 4:42:06 PM fr.eni.projetEni.test.UtilisateurBllTest setUp
INFOS: setUp
janv. 05, 2021 4:42:06 PM fr.eni.projetEni.test.UtilisateurBllTest setUp
INFOS: setUp
janv. 05, 2021 4:42:06 PM fr.eni.projetEni.test.UtilisateurBllTest setUp
INFOS: setUp
janv. 05, 2021 4:42:06 PM fr.eni.projetEni.test.UtilisateurBllTest setUp
INFOS: setUp
janv. 05, 2021 5:12:34 PM fr.eni.projetEni.test.UtilisateurBllTest setUp
INFOS: setUp
janv. 05, 2021 5:12:34 PM fr.eni.projetEni.test.UtilisateurBllTest setUp
INFOS: setUp
janv. 05, 2021 5:12:34 PM fr.eni.projetEni.test.UtilisateurBllTest setUp
INFOS: setUp
janv. 05, 2021 5:12:34 PM fr.eni.projetEni.test.UtilisateurBllTest setUp
INFOS: setUp
janv. 05, 2021 5:12:34 PM fr.eni.projetEni.test.UtilisateurBllTest setUp
INFOS: setUp
janv. 05, 2021 5:13:01 PM fr.eni.projetEni.test.UtilisateurBllTest setUp
INFOS: setUp
janv. 05, 2021 5:13:02 PM fr.eni.projetEni.test.UtilisateurBllTest setUp
INFOS: setUp
janv. 05, 2021 5:13:02 PM fr.eni.projetEni.test.UtilisateurBllTest setUp
INFOS: setUp
janv. 05, 2021 5:13:02 PM fr.eni.projetEni.test.UtilisateurBllTest setUp
INFOS: setUp
janv. 05, 2021 5:13:02 PM fr.eni.projetEni.test.UtilisateurBllTest setUp
INFOS: setUp
janv. 05, 2021 6:26:04 PM fr.eni.projetEni.test.UtilisateurBllTest setUp
INFOS: setUp
janv. 05, 2021 6:26:04 PM fr.eni.projetEni.test.UtilisateurBllTest setUp
INFOS: setUp
janv. 05, 2021 6:26:04 PM fr.eni.projetEni.test.UtilisateurBllTest setUp
INFOS: setUp
janv. 05, 2021 6:26:04 PM fr.eni.projetEni.test.UtilisateurBllTest setUp
INFOS: setUp
janv. 05, 2021 6:26:04 PM fr.eni.projetEni.test.UtilisateurBllTest setUp
INFOS: setUp
janv. 05, 2021 6:36:17 PM fr.eni.projetEni.test.UtilisateurBllTest setUp
INFOS: setUp
janv. 05, 2021 6:36:17 PM fr.eni.projetEni.test.UtilisateurBllTest setUp
INFOS: setUp
janv. 05, 2021 6:36:17 PM fr.eni.projetEni.test.UtilisateurBllTest setUp
INFOS: setUp
janv. 05, 2021 6:36:17 PM fr.eni.projetEni.test.UtilisateurBllTest setUp
INFOS: setUp
janv. 05, 2021 6:36:17 PM fr.eni.projetEni.test.UtilisateurBllTest setUp
INFOS: setUp
janv. 05, 2021 6:39:27 PM fr.eni.projetEni.test.UtilisateurBllTest setUp
INFOS: setUp
janv. 05, 2021 6:39:27 PM fr.eni.projetEni.test.UtilisateurBllTest setUp
INFOS: setUp
janv. 05, 2021 6:39:27 PM fr.eni.projetEni.test.UtilisateurBllTest setUp
INFOS: setUp
janv. 05, 2021 6:39:27 PM fr.eni.projetEni.test.UtilisateurBllTest setUp
INFOS: setUp
janv. 05, 2021 6:39:27 PM fr.eni.projetEni.test.UtilisateurBllTest setUp
INFOS: setUp
janv. 05, 2021 9:44:08 PM fr.eni.projetEni.test.UtilisateurBllTest setUp
INFOS: setUp
janv. 05, 2021 9:44:08 PM fr.eni.projetEni.test.UtilisateurBllTest setUp
INFOS: setUp
janv. 05, 2021 9:44:08 PM fr.eni.projetEni.test.UtilisateurBllTest setUp
INFOS: setUp
janv. 05, 2021 9:44:08 PM fr.eni.projetEni.test.UtilisateurBllTest setUp
INFOS: setUp
janv. 05, 2021 9:44:08 PM fr.eni.projetEni.test.UtilisateurBllTest setUp
INFOS: setUp
janv. 05, 2021 9:56:58 PM fr.eni.projetEni.test.UtilisateurBllTest setUp
INFOS: setUp
janv. 05, 2021 9:56:58 PM fr.eni.projetEni.test.UtilisateurBllTest setUp
INFOS: setUp
janv. 05, 2021 9:56:58 PM fr.eni.projetEni.test.UtilisateurBllTest setUp
INFOS: setUp
janv. 05, 2021 9:56:58 PM fr.eni.projetEni.test.UtilisateurBllTest setUp
INFOS: setUp
janv. 05, 2021 9:56:58 PM fr.eni.projetEni.test.UtilisateurBllTest setUp
INFOS: setUp
janv. 05, 2021 9:58:09 PM fr.eni.projetEni.test.UtilisateurBllTest2 setUp
INFOS: setUp
janv. 05, 2021 9:58:09 PM fr.eni.projetEni.test.UtilisateurBllTest2 setUp
INFOS: setUp
janv. 05, 2021 9:58:09 PM fr.eni.projetEni.test.UtilisateurBllTest2 setUp
INFOS: setUp
janv. 05, 2021 9:58:09 PM fr.eni.projetEni.test.UtilisateurBllTest2 setUp
INFOS: setUp
janv. 05, 2021 9:58:09 PM fr.eni.projetEni.test.UtilisateurBllTest2 setUp
INFOS: setUp
janv. 05, 2021 10:17:30 PM fr.eni.projetEni.test.UtilisateurBllTest setUp
INFOS: setUp
janv. 05, 2021 10:17:30 PM fr.eni.projetEni.test.UtilisateurBllTest setUp
INFOS: setUp
janv. 05, 2021 10:17:30 PM fr.eni.projetEni.test.UtilisateurBllTest setUp
INFOS: setUp
janv. 05, 2021 10:17:30 PM fr.eni.projetEni.test.UtilisateurBllTest setUp
INFOS: setUp
janv. 05, 2021 10:17:30 PM fr.eni.projetEni.test.UtilisateurBllTest setUp
INFOS: setUp
janv. 06, 2021 9:14:49 AM fr.eni.projetEni.test.UtilisateurBllTest setUp
INFOS: setUp
janv. 06, 2021 9:14:49 AM fr.eni.projetEni.test.UtilisateurBllTest setUp
INFOS: setUp
janv. 06, 2021 9:14:49 AM fr.eni.projetEni.test.UtilisateurBllTest setUp
INFOS: setUp
janv. 06, 2021 9:14:49 AM fr.eni.projetEni.test.UtilisateurBllTest setUp
INFOS: setUp
janv. 06, 2021 9:14:49 AM fr.eni.projetEni.test.UtilisateurBllTest setUp
INFOS: setUp
janv. 06, 2021 9:16:49 AM fr.eni.projetEni.test.UtilisateurBllTest2 setUp
INFOS: setUp
janv. 06, 2021 9:16:49 AM fr.eni.projetEni.test.UtilisateurBllTest2 setUp
INFOS: setUp
janv. 06, 2021 9:16:49 AM fr.eni.projetEni.test.UtilisateurBllTest2 setUp
INFOS: setUp
janv. 06, 2021 9:16:49 AM fr.eni.projetEni.test.UtilisateurBllTest2 setUp
INFOS: setUp
janv. 06, 2021 9:16:49 AM fr.eni.projetEni.test.UtilisateurBllTest2 setUp
INFOS: setUp
